<?xml version="1.0" encoding="UTF-8"?>
<testsuite xmlns:xsi="http://www.w3.org/2001/XMLSchema-instance" xsi:noNamespaceSchemaLocation="https://maven.apache.org/surefire/maven-surefire-plugin/xsd/surefire-test-report-3.0.xsd" version="3.0" name="com.Runner.Search_Test" time="0.851" tests="3" errors="0" skipped="0" failures="0">
  <properties>
[...]
</properties>
  <testcase name="Add product to cart" classname="Amazon cart" time="0.21">
    <system-out><![CDATA[
@Smoke
Scenario: Add product to cart        &amp#27;[90m# src/test/resources/Feature/Cart.feature:11&amp#27;[0m
Product is available
  &amp#27;[32mGiven &amp#27;[0m&amp#27;[32mproduct is available&amp#27;[0m         &amp#27;[90m# com.StepDefinition.Cart_Steps.product_is_available()&amp#27;[0m
Product detail page opened
  &amp#27;[32mWhen &amp#27;[0m&amp#27;[32mI open product detail page&amp#27;[0m    &amp#27;[90m# com.StepDefinition.Cart_Steps.i_open_product_detail_page()&amp#27;[0m
Add to cart button is visible
  &amp#27;[32mThen &amp#27;[0m&amp#27;[32mThere should be a cart button&amp#27;[0m &amp#27;[90m# com.StepDefinition.Cart_Steps.there_should_be_a_cart_button()&amp#27;[0m
]]></system-out>
  </testcase>
  <testcase name="Search a product" classname="Amazon Search" time="0.017">
    <system-out><![CDATA[
@Smoke
Scenario: Search a product                          &amp#27;[90m# src/test/resources/Feature/Search.feature:11&amp#27;[0m
Search box is present
  &amp#27;[32mGiven &amp#27;[0m&amp#27;[32mThere should be a search box on Amazon page&amp#27;[0m &amp#27;[90m# com.StepDefinition.Search_Steps.there_should_be_a_search_box_on_amazon_page()&amp#27;[0m
I searched for Mackbook Pro
  &amp#27;[32mWhen &amp#27;[0m&amp#27;[32mI search for the product &amp#27;[0m&amp#27;[32m&amp#27;[1m"Mackbook Pro"&amp#27;[0m      &amp#27;[90m# com.StepDefinition.Search_Steps.i_search_for_the_product(java.lang.String)&amp#27;[0m
and the product price is $1000
  &amp#27;[32mAnd &amp#27;[0m&amp#27;[32mprice is &amp#27;[0m&amp#27;[32m&amp#27;[1m"$1000"&amp#27;[0m                              &amp#27;[90m# com.StepDefinition.Search_Steps.price_is(java.lang.String)&amp#27;[0m
Mackbook Pro is displayed
  &amp#27;[32mThen &amp#27;[0m&amp#27;[32m&amp#27;[0m&amp#27;[32m&amp#27;[1m"Mackbook Pro"&amp#27;[0m&amp#27;[32m should be displayed&amp#27;[0m           &amp#27;[90m# com.StepDefinition.Search_Steps.should_be_displayed(java.lang.String)&amp#27;[0m
]]></system-out>
  </testcase>
  <testcase name="Search a product in app" classname="Amazon Search" time="0.017">
    <system-out><![CDATA[
@Regression
Scenario: Search a product in app                          &amp#27;[90m# src/test/resources/Feature/Search.feature:18&amp#27;[0m
Search box is present
  &amp#27;[32mGiven &amp#27;[0m&amp#27;[32mThere should be a search box on Amazon application&amp#27;[0m &amp#27;[90m# com.StepDefinition.Search_Steps.there_should_be_a_search_box_on_amazon_application()&amp#27;[0m
I searched for Mackbook Air
  &amp#27;[32mWhen &amp#27;[0m&amp#27;[32mI search for the product &amp#27;[0m&amp#27;[32m&amp#27;[1m"Mackbook Air"&amp#27;[0m&amp#27;[32m in app&amp#27;[0m      &amp#27;[90m# com.StepDefinition.Search_Steps.i_search_for_the_product_in_app(java.lang.String)&amp#27;[0m
and the product price is $1000
  &amp#27;[32mAnd &amp#27;[0m&amp#27;[32mprice is &amp#27;[0m&amp#27;[32m&amp#27;[1m"$1000"&amp#27;[0m                                     &amp#27;[90m# com.StepDefinition.Search_Steps.price_is(java.lang.String)&amp#27;[0m
Mackbook Air is displayed
  &amp#27;[32mThen &amp#27;[0m&amp#27;[32m&amp#27;[0m&amp#27;[32m&amp#27;[1m"Mackbook Air"&amp#27;[0m&amp#27;[32m should be displayed in the results&amp#27;[0m   &amp#27;[90m# com.StepDefinition.Search_Steps.should_be_displayed_in_the_results(java.lang.String)&amp#27;[0m
]]></system-out>
  </testcase>
</testsuite>